<?xml version="1.0" encoding="UTF-8"?>
<!-- Generated by org.testng.reporters.JUnitXMLReporter -->
<testsuite ignored="0" hostname="USREMWFH101295N" failures="0" tests="2" name="Default test" time="0.332" errors="0" timestamp="2022-08-17T17:01:03 PDT">
  <testcase classname="javaSubfolder.generate_JSONPayload_from_POJOObject" name="createEmployeeJSONFromEmployeePOJOClass" time="0.254"/>
  <testcase classname="javaSubfolder.generate_JSONPayload_from_POJOObject" name="getPojoFromEmployeeObject" time="0.036"/>
</testsuite> <!-- Default test -->
