<?xml version="1.0" encoding="UTF-8"?>
<testng-results ignored="0" total="2" passed="2" failed="0" skipped="0">
  <reporter-output>
  </reporter-output>
  <suite started-at="2022-08-17T17:01:02 PDT" name="Default suite" finished-at="2022-08-17T17:01:03 PDT" duration-ms="332">
    <groups>
    </groups>
    <test started-at="2022-08-17T17:01:02 PDT" name="Default test" finished-at="2022-08-17T17:01:03 PDT" duration-ms="332">
      <class name="javaSubfolder.generate_JSONPayload_from_POJOObject">
        <test-method signature="createEmployeeJSONFromEmployeePOJOClass()[pri:0, instance:javaSubfolder.generate_JSONPayload_from_POJOObject@cad498c]" started-at="2022-08-17T17:01:02 PDT" name="createEmployeeJSONFromEmployeePOJOClass" finished-at="2022-08-17T17:01:03 PDT" duration-ms="254" status="PASS">
          <reporter-output>
          </reporter-output>
        </test-method> <!-- createEmployeeJSONFromEmployeePOJOClass -->
        <test-method signature="getPojoFromEmployeeObject()[pri:0, instance:javaSubfolder.generate_JSONPayload_from_POJOObject@cad498c]" started-at="2022-08-17T17:01:03 PDT" name="getPojoFromEmployeeObject" finished-at="2022-08-17T17:01:03 PDT" duration-ms="36" status="PASS">
          <reporter-output>
          </reporter-output>
        </test-method> <!-- getPojoFromEmployeeObject -->
      </class> <!-- javaSubfolder.generate_JSONPayload_from_POJOObject -->
    </test> <!-- Default test -->
  </suite> <!-- Default suite -->
</testng-results>
