<?xml version="1.0" encoding="UTF-8"?>
<testng-results ignored="0" total="1" passed="1" failed="0" skipped="0">
  <reporter-output>
  </reporter-output>
  <suite started-at="2022-09-07T15:59:20 PDT" name="Default suite" finished-at="2022-09-07T15:59:26 PDT" duration-ms="6304">
    <groups>
      <group name="cucumber">
        <method signature="AbstractTestNGCucumberTests.runScenario(io.cucumber.testng.PickleWrapper,io.cucumber.testng.FeatureWrapper)[pri:0, instance:TestRunner.testRunner@1a18644]" name="runScenario" class="io.cucumber.testng.AbstractTestNGCucumberTests"/>
      </group> <!-- cucumber -->
    </groups>
    <test started-at="2022-09-07T15:59:20 PDT" name="Default test" finished-at="2022-09-07T15:59:26 PDT" duration-ms="6304">
      <class name="TestRunner.testRunner">
        <test-method is-config="true" signature="setUpClass(org.testng.ITestContext)[pri:0, instance:TestRunner.testRunner@1a18644]" started-at="2022-09-07T15:59:20 PDT" name="setUpClass" finished-at="2022-09-07T15:59:21 PDT" duration-ms="690" status="PASS">
          <params>
            <param index="0">
              <value>
                <![CDATA[org.testng.TestRunner@d84b3a2]]>
              </value>
            </param>
          </params>
          <reporter-output>
          </reporter-output>
        </test-method> <!-- setUpClass -->
        <test-method signature="runScenario(io.cucumber.testng.PickleWrapper,io.cucumber.testng.FeatureWrapper)[pri:0, instance:TestRunner.testRunner@1a18644]" started-at="2022-09-07T15:59:21 PDT" name="runScenario" description="Runs Cucumber Scenarios" data-provider="scenarios" finished-at="2022-09-07T15:59:24 PDT" duration-ms="3322" status="PASS">
          <params>
            <param index="0">
              <value>
                <![CDATA["Validate the status code returned for the GET request on the given end point"]]>
              </value>
            </param>
            <param index="1">
              <value>
                <![CDATA["Optional[Validate the GET request for sample API, Football-data.org]"]]>
              </value>
            </param>
          </params>
          <reporter-output>
          </reporter-output>
        </test-method> <!-- runScenario -->
        <test-method is-config="true" signature="tearDownClass()[pri:0, instance:TestRunner.testRunner@1a18644]" started-at="2022-09-07T15:59:24 PDT" name="tearDownClass" finished-at="2022-09-07T15:59:26 PDT" duration-ms="2249" status="PASS">
          <reporter-output>
          </reporter-output>
        </test-method> <!-- tearDownClass -->
      </class> <!-- TestRunner.testRunner -->
    </test> <!-- Default test -->
  </suite> <!-- Default suite -->
</testng-results>
